<?xml version="1.0" encoding="UTF-8"?>
<!-- Generated by org.testng.reporters.JUnitReportReporter -->
<testsuite hostname="swapee" failures="0" tests="1" name="testcasepackage.logintestcases" time="43.242" errors="0" timestamp="2023-07-04T21:03:40 IST" skipped="0">
  <testcase classname="testcasepackage.logintestcases" name="verifylogin" time="43.242"/>
  <system-out/>
</testsuite> <!-- testcasepackage.logintestcases -->
