<?xml version="1.0" encoding="UTF-8"?>
<!-- Generated by org.testng.reporters.JUnitReportReporter -->
<testsuite hostname="swapee" failures="0" tests="1" name="testcasepackage.signuptestcases" time="89.291" errors="0" timestamp="2023-07-04T07:51:24 IST" skipped="0">
  <testcase classname="testcasepackage.signuptestcases" name="verifysignup" time="89.291"/>
  <system-out/>
</testsuite> <!-- testcasepackage.signuptestcases -->
